# JRE version: OpenJDK Runtime Environment (21.0.9) (build 21.0.9+-14787801-b1163.94)
# Java VM: OpenJDK 64-Bit Server VM (21.0.9+-14787801-b1163.94, mixed mode, tiered, compressed oops, compressed class ptrs, g1 gc, windows-amd64)
GC Precious Log:
 CardTable entry size: 512
 Card Set container configuration: InlinePtr #cards 5 size 8 Array Of Cards #cards 12 size 40 Howl #buckets 4 coarsen threshold 1843 Howl Bitmap #cards 512 size 80 coarsen threshold 460 Card regions per heap region 1 cards per card region 2048
 CPUs: 4 total, 4 available
 Memory: 8082M
 Large Page Support: Disabled
 NUMA Support: Disabled
 Compressed Oops: Enabled (32-bit)
 Heap Region Size: 1M
 Heap Min Capacity: 8M
 Heap Initial Capacity: 128M
 Heap Max Capacity: 2G
 Pre-touch: Disabled
 Parallel Workers: 4
 Concurrent Workers: 1
 Concurrent Refinement Workers: 4
 Periodic GC: Disabled
Heap:
 garbage-first heap   total 220160K, used 205022K [0x0000000080000000, 0x0000000100000000)
  region size 1024K, 80 young (81920K), 6 survivors (6144K)
 Metaspace       used 133756K, committed 136064K, reserved 1179648K
  class space    used 18526K, committed 19648K, reserved 1048576K
GC Heap History (20 events):
Event: 143.799 GC heap before
{Heap before GC invocations=76 (full 0):
 garbage-first heap   total 215040K, used 194523K [0x0000000080000000, 0x0000000100000000)
  region size 1024K, 67 young (68608K), 2 survivors (2048K)
 Metaspace       used 130114K, committed 132480K, reserved 1179648K
  class space    used 18128K, committed 19264K, reserved 1048576K
}
Event: 143.809 GC heap after
{Heap after GC invocations=77 (full 0):
 garbage-first heap   total 215040K, used 127882K [0x0000000080000000, 0x0000000100000000)
  region size 1024K, 2 young (2048K), 2 survivors (2048K)
 Metaspace       used 130114K, committed 132480K, reserved 1179648K
  class space    used 18128K, committed 19264K, reserved 1048576K
}
Event: 150.062 GC heap before
{Heap before GC invocations=77 (full 0):
 garbage-first heap   total 215040K, used 201610K [0x0000000080000000, 0x0000000100000000)
  region size 1024K, 75 young (76800K), 2 survivors (2048K)
 Metaspace       used 130324K, committed 132672K, reserved 1179648K
  class space    used 18156K, committed 19264K, reserved 1048576K
}
Event: 150.104 GC heap after
{Heap after GC invocations=78 (full 0):
 garbage-first heap   total 215040K, used 128576K [0x0000000080000000, 0x0000000100000000)
  region size 1024K, 3 young (3072K), 3 survivors (3072K)
 Metaspace       used 130324K, committed 132672K, reserved 1179648K
  class space    used 18156K, committed 19264K, reserved 1048576K
}
Event: 157.310 GC heap before
{Heap before GC invocations=78 (full 0):
 garbage-first heap   total 215040K, used 202304K [0x0000000080000000, 0x0000000100000000)
  region size 1024K, 75 young (76800K), 3 survivors (3072K)
 Metaspace       used 130511K, committed 132864K, reserved 1179648K
  class space    used 18193K, committed 19328K, reserved 1048576K
}
Event: 157.323 GC heap after
{Heap after GC invocations=79 (full 0):
 garbage-first heap   total 215040K, used 128914K [0x0000000080000000, 0x0000000100000000)
  region size 1024K, 3 young (3072K), 3 survivors (3072K)
 Metaspace       used 130511K, committed 132864K, reserved 1179648K
  class space    used 18193K, committed 19328K, reserved 1048576K
}
Event: 186.241 GC heap before
{Heap before GC invocations=80 (full 0):
 garbage-first heap   total 217088K, used 208786K [0x0000000080000000, 0x0000000100000000)
  region size 1024K, 74 young (75776K), 3 survivors (3072K)
 Metaspace       used 132151K, committed 134528K, reserved 1179648K
  class space    used 18315K, committed 19456K, reserved 1048576K
}
Event: 186.257 GC heap after
{Heap after GC invocations=81 (full 0):
 garbage-first heap   total 217088K, used 129523K [0x0000000080000000, 0x0000000100000000)
  region size 1024K, 4 young (4096K), 4 survivors (4096K)
 Metaspace       used 132151K, committed 134528K, reserved 1179648K
  class space    used 18315K, committed 19456K, reserved 1048576K
}
Event: 190.217 GC heap before
{Heap before GC invocations=81 (full 0):
 garbage-first heap   total 217088K, used 202227K [0x0000000080000000, 0x0000000100000000)
  region size 1024K, 76 young (77824K), 4 survivors (4096K)
 Metaspace       used 132164K, committed 134528K, reserved 1179648K
  class space    used 18315K, committed 19456K, reserved 1048576K
}
Event: 190.244 GC heap after
{Heap after GC invocations=82 (full 0):
 garbage-first heap   total 217088K, used 129380K [0x0000000080000000, 0x0000000100000000)
  region size 1024K, 4 young (4096K), 4 survivors (4096K)
 Metaspace       used 132164K, committed 134528K, reserved 1179648K
  class space    used 18315K, committed 19456K, reserved 1048576K
}
Event: 191.447 GC heap before
{Heap before GC invocations=82 (full 0):
 garbage-first heap   total 217088K, used 203108K [0x0000000080000000, 0x0000000100000000)
  region size 1024K, 77 young (78848K), 4 survivors (4096K)
 Metaspace       used 132164K, committed 134528K, reserved 1179648K
  class space    used 18315K, committed 19456K, reserved 1048576K
}
Event: 191.465 GC heap after
{Heap after GC invocations=83 (full 0):
 garbage-first heap   total 217088K, used 129449K [0x0000000080000000, 0x0000000100000000)
  region size 1024K, 4 young (4096K), 4 survivors (4096K)
 Metaspace       used 132164K, committed 134528K, reserved 1179648K
  class space    used 18315K, committed 19456K, reserved 1048576K
}
Event: 195.679 GC heap before
{Heap before GC invocations=84 (full 0):
 garbage-first heap   total 217088K, used 203177K [0x0000000080000000, 0x0000000100000000)
  region size 1024K, 77 young (78848K), 4 survivors (4096K)
 Metaspace       used 132231K, committed 134592K, reserved 1179648K
  class space    used 18322K, committed 19456K, reserved 1048576K
}
Event: 195.710 GC heap after
{Heap after GC invocations=85 (full 0):
 garbage-first heap   total 217088K, used 130204K [0x0000000080000000, 0x0000000100000000)
  region size 1024K, 5 young (5120K), 5 survivors (5120K)
 Metaspace       used 132231K, committed 134592K, reserved 1179648K
  class space    used 18322K, committed 19456K, reserved 1048576K
}
Event: 208.427 GC heap before
{Heap before GC invocations=85 (full 0):
 garbage-first heap   total 217088K, used 202908K [0x0000000080000000, 0x0000000100000000)
  region size 1024K, 77 young (78848K), 5 survivors (5120K)
 Metaspace       used 132235K, committed 134592K, reserved 1179648K
  class space    used 18323K, committed 19456K, reserved 1048576K
}
Event: 208.466 GC heap after
{Heap after GC invocations=86 (full 0):
 garbage-first heap   total 217088K, used 130214K [0x0000000080000000, 0x0000000100000000)
  region size 1024K, 5 young (5120K), 5 survivors (5120K)
 Metaspace       used 132235K, committed 134592K, reserved 1179648K
  class space    used 18323K, committed 19456K, reserved 1048576K
}
Event: 211.412 GC heap before
{Heap before GC invocations=86 (full 0):
 garbage-first heap   total 217088K, used 203942K [0x0000000080000000, 0x0000000100000000)
  region size 1024K, 77 young (78848K), 5 survivors (5120K)
 Metaspace       used 132482K, committed 134848K, reserved 1179648K
  class space    used 18344K, committed 19520K, reserved 1048576K
}
Event: 211.439 GC heap after
{Heap after GC invocations=87 (full 0):
 garbage-first heap   total 217088K, used 130856K [0x0000000080000000, 0x0000000100000000)
  region size 1024K, 6 young (6144K), 6 survivors (6144K)
 Metaspace       used 132482K, committed 134848K, reserved 1179648K
  class space    used 18344K, committed 19520K, reserved 1048576K
}
Event: 213.706 GC heap before
{Heap before GC invocations=88 (full 0):
 garbage-first heap   total 220160K, used 202536K [0x0000000080000000, 0x0000000100000000)
  region size 1024K, 77 young (78848K), 6 survivors (6144K)
 Metaspace       used 132917K, committed 135296K, reserved 1179648K
  class space    used 18415K, committed 19584K, reserved 1048576K
}
Event: 213.742 GC heap after
{Heap after GC invocations=89 (full 0):
 garbage-first heap   total 220160K, used 131294K [0x0000000080000000, 0x0000000100000000)
  region size 1024K, 6 young (6144K), 6 survivors (6144K)
 Metaspace       used 132917K, committed 135296K, reserved 1179648K
  class space    used 18415K, committed 19584K, reserved 1048576K
}

